<?xml version="1.0" encoding="UTF-8"?>
<coverage generated="1683639945932" clover="3.2.0">
  <project timestamp="1683639945933" name="All files">
    <metrics statements="121" coveredstatements="91" conditionals="25" coveredconditionals="5" methods="52" coveredmethods="26" elements="198" coveredelements="122" complexity="0" loc="121" ncloc="121" packages="4" files="6" classes="6"/>
    <package name="APIFakeStore">
      <metrics statements="2" coveredstatements="2" conditionals="0" coveredconditionals="0" methods="0" coveredmethods="0"/>
      <file name="knexfile.ts" path="C:\Users\Vinicius Delmo\Desktop\Rethink Academy\codigos-gitHub\APIFakeStore\knexfile.ts">
        <metrics statements="2" coveredstatements="2" conditionals="0" coveredconditionals="0" methods="0" coveredmethods="0"/>
        <line num="3" count="2" type="stmt"/>
        <line num="14" count="2" type="stmt"/>
      </file>
    </package>
    <package name="APIFakeStore.src.middlewares">
      <metrics statements="6" coveredstatements="2" conditionals="4" coveredconditionals="0" methods="2" coveredmethods="0"/>
      <file name="errorHandler.ts" path="C:\Users\Vinicius Delmo\Desktop\Rethink Academy\codigos-gitHub\APIFakeStore\src\middlewares\errorHandler.ts">
        <metrics statements="6" coveredstatements="2" conditionals="4" coveredconditionals="0" methods="2" coveredmethods="0"/>
        <line num="9" count="1" type="stmt"/>
        <line num="15" count="0" type="cond" truecount="0" falsecount="2"/>
        <line num="16" count="0" type="stmt"/>
        <line num="21" count="0" type="stmt"/>
        <line num="24" count="1" type="stmt"/>
        <line num="25" count="0" type="stmt"/>
      </file>
    </package>
    <package name="APIFakeStore.src.repositories">
      <metrics statements="34" coveredstatements="21" conditionals="0" coveredconditionals="0" methods="24" coveredmethods="0"/>
      <file name="categories.ts" path="C:\Users\Vinicius Delmo\Desktop\Rethink Academy\codigos-gitHub\APIFakeStore\src\repositories\categories.ts">
        <metrics statements="18" coveredstatements="11" conditionals="0" coveredconditionals="0" methods="13" coveredmethods="0"/>
        <line num="1" count="1" type="stmt"/>
        <line num="2" count="1" type="stmt"/>
        <line num="5" count="1" type="stmt"/>
        <line num="7" count="1" type="stmt"/>
        <line num="8" count="0" type="stmt"/>
        <line num="10" count="1" type="stmt"/>
        <line num="11" count="0" type="stmt"/>
        <line num="13" count="1" type="stmt"/>
        <line num="14" count="0" type="stmt"/>
        <line num="18" count="1" type="stmt"/>
        <line num="19" count="0" type="stmt"/>
        <line num="21" count="1" type="stmt"/>
        <line num="22" count="0" type="stmt"/>
        <line num="24" count="1" type="stmt"/>
        <line num="25" count="0" type="stmt"/>
        <line num="27" count="1" type="stmt"/>
        <line num="28" count="0" type="stmt"/>
        <line num="42" count="1" type="stmt"/>
      </file>
      <file name="products.ts" path="C:\Users\Vinicius Delmo\Desktop\Rethink Academy\codigos-gitHub\APIFakeStore\src\repositories\products.ts">
        <metrics statements="16" coveredstatements="10" conditionals="0" coveredconditionals="0" methods="11" coveredmethods="0"/>
        <line num="2" count="2" type="stmt"/>
        <line num="4" count="2" type="stmt"/>
        <line num="6" count="2" type="stmt"/>
        <line num="8" count="2" type="stmt"/>
        <line num="9" count="0" type="stmt"/>
        <line num="22" count="2" type="stmt"/>
        <line num="23" count="0" type="stmt"/>
        <line num="37" count="2" type="stmt"/>
        <line num="38" count="0" type="stmt"/>
        <line num="40" count="2" type="stmt"/>
        <line num="41" count="0" type="stmt"/>
        <line num="43" count="2" type="stmt"/>
        <line num="44" count="0" type="stmt"/>
        <line num="46" count="2" type="stmt"/>
        <line num="47" count="0" type="stmt"/>
        <line num="49" count="2" type="stmt"/>
      </file>
    </package>
    <package name="APIFakeStore.src.service">
      <metrics statements="79" coveredstatements="66" conditionals="21" coveredconditionals="5" methods="26" coveredmethods="26"/>
      <file name="categories.ts" path="C:\Users\Vinicius Delmo\Desktop\Rethink Academy\codigos-gitHub\APIFakeStore\src\service\categories.ts">
        <metrics statements="45" coveredstatements="38" conditionals="14" coveredconditionals="3" methods="14" coveredmethods="14"/>
        <line num="1" count="1" type="stmt"/>
        <line num="2" count="1" type="stmt"/>
        <line num="5" count="1" type="stmt"/>
        <line num="7" count="1" type="stmt"/>
        <line num="8" count="2" type="stmt"/>
        <line num="9" count="1" type="stmt"/>
        <line num="12" count="1" type="stmt"/>
        <line num="13" count="1" type="stmt"/>
        <line num="14" count="1" type="stmt"/>
        <line num="15" count="1" type="cond" truecount="0" falsecount="1"/>
        <line num="16" count="0" type="stmt"/>
        <line num="18" count="1" type="stmt"/>
        <line num="20" count="0" type="cond" truecount="0" falsecount="2"/>
        <line num="24" count="1" type="stmt"/>
        <line num="25" count="1" type="stmt"/>
        <line num="26" count="1" type="stmt"/>
        <line num="29" count="1" type="cond" truecount="1" falsecount="0"/>
        <line num="30" count="1" type="stmt"/>
        <line num="31" count="1" type="stmt"/>
        <line num="33" count="0" type="stmt"/>
        <line num="35" count="0" type="cond" truecount="0" falsecount="2"/>
        <line num="39" count="1" type="stmt"/>
        <line num="40" count="1" type="stmt"/>
        <line num="41" count="1" type="stmt"/>
        <line num="44" count="1" type="cond" truecount="1" falsecount="0"/>
        <line num="45" count="1" type="stmt"/>
        <line num="46" count="1" type="cond" truecount="0" falsecount="1"/>
        <line num="47" count="1" type="stmt"/>
        <line num="49" count="0" type="stmt"/>
        <line num="51" count="0" type="cond" truecount="0" falsecount="2"/>
        <line num="55" count="1" type="stmt"/>
        <line num="56" count="1" type="stmt"/>
        <line num="57" count="1" type="stmt"/>
        <line num="58" count="1" type="cond" truecount="0" falsecount="1"/>
        <line num="59" count="1" type="stmt"/>
        <line num="61" count="0" type="cond" truecount="0" falsecount="2"/>
        <line num="65" count="2" type="stmt"/>
        <line num="66" count="2" type="stmt"/>
        <line num="68" count="2" type="cond" truecount="1" falsecount="0"/>
        <line num="69" count="1" type="stmt"/>
        <line num="72" count="1" type="stmt"/>
        <line num="76" count="1" type="stmt"/>
        <line num="77" count="1" type="stmt"/>
        <line num="91" count="1" type="stmt"/>
        <line num="95" count="1" type="stmt"/>
      </file>
      <file name="products.ts" path="C:\Users\Vinicius Delmo\Desktop\Rethink Academy\codigos-gitHub\APIFakeStore\src\service\products.ts">
        <metrics statements="34" coveredstatements="28" conditionals="7" coveredconditionals="2" methods="12" coveredmethods="12"/>
        <line num="1" count="1" type="stmt"/>
        <line num="3" count="1" type="stmt"/>
        <line num="5" count="1" type="stmt"/>
        <line num="6" count="1" type="stmt"/>
        <line num="7" count="2" type="stmt"/>
        <line num="19" count="1" type="stmt"/>
        <line num="22" count="2" type="stmt"/>
        <line num="23" count="2" type="stmt"/>
        <line num="24" count="2" type="stmt"/>
        <line num="36" count="2" type="cond" truecount="1" falsecount="0"/>
        <line num="37" count="1" type="stmt"/>
        <line num="40" count="1" type="stmt"/>
        <line num="41" count="1" type="stmt"/>
        <line num="43" count="1" type="stmt"/>
        <line num="44" count="1" type="cond" truecount="0" falsecount="1"/>
        <line num="45" count="0" type="stmt"/>
        <line num="46" count="1" type="stmt"/>
        <line num="52" count="1" type="stmt"/>
        <line num="60" count="1" type="stmt"/>
        <line num="61" count="1" type="cond" truecount="1" falsecount="0"/>
        <line num="63" count="1" type="stmt"/>
        <line num="69" count="1" type="cond" truecount="0" falsecount="1"/>
        <line num="70" count="0" type="stmt"/>
        <line num="73" count="0" type="stmt"/>
        <line num="75" count="0" type="cond" truecount="0" falsecount="1"/>
        <line num="76" count="0" type="stmt"/>
        <line num="79" count="0" type="stmt"/>
        <line num="82" count="1" type="stmt"/>
        <line num="84" count="1" type="cond" truecount="0" falsecount="1"/>
        <line num="85" count="1" type="stmt"/>
        <line num="88" count="1" type="stmt"/>
        <line num="89" count="1" type="stmt"/>
        <line num="90" count="1" type="cond" truecount="0" falsecount="1"/>
        <line num="93" count="1" type="stmt"/>
      </file>
    </package>
  </project>
</coverage>
