{"C:\\Users\\Vinicius Delmo\\Desktop\\Rethink Academy\\codigos-gitHub\\APIFakeStore\\knexfile.ts": {"path":"C:\\Users\\Vinicius Delmo\\Desktop\\Rethink Academy\\codigos-gitHub\\APIFakeStore\\knexfile.ts","statementMap":{"0":{"start":{"line":3,"column":28},"end":{"line":12,"column":2}},"1":{"start":{"line":14,"column":0},"end":{"line":14,"column":22}}},"fnMap":{},"branchMap":{},"s":{"0":2,"1":2},"f":{},"b":{}}
,"C:\\Users\\Vinicius Delmo\\Desktop\\Rethink Academy\\codigos-gitHub\\APIFakeStore\\src\\middlewares\\errorHandler.ts": {"path":"C:\\Users\\Vinicius Delmo\\Desktop\\Rethink Academy\\codigos-gitHub\\APIFakeStore\\src\\middlewares\\errorHandler.ts","statementMap":{"0":{"start":{"line":9,"column":28},"end":{"line":22,"column":1}},"1":{"start":{"line":15,"column":17},"end":{"line":15,"column":50}},"2":{"start":{"line":16,"column":24},"end":{"line":19,"column":4}},"3":{"start":{"line":21,"column":2},"end":{"line":21,"column":41}},"4":{"start":{"line":9,"column":13},"end":{"line":9,"column":28}},"5":{"start":{"line":24,"column":25},"end":{"line":29,"column":1}},"6":{"start":{"line":25,"column":2},"end":{"line":28,"column":4}},"7":{"start":{"line":24,"column":13},"end":{"line":24,"column":25}}},"fnMap":{"0":{"name":"(anonymous_0)","decl":{"start":{"line":9,"column":28},"end":{"line":9,"column":null}},"loc":{"start":{"line":14,"column":4},"end":{"line":22,"column":1}}},"1":{"name":"(anonymous_1)","decl":{"start":{"line":24,"column":25},"end":{"line":24,"column":26}},"loc":{"start":{"line":24,"column":60},"end":{"line":29,"column":1}}}},"branchMap":{"0":{"loc":{"start":{"line":15,"column":17},"end":{"line":15,"column":50}},"type":"cond-expr","locations":[{"start":{"line":15,"column":32},"end":{"line":15,"column":44}},{"start":{"line":15,"column":47},"end":{"line":15,"column":50}}]},"1":{"loc":{"start":{"line":17,"column":13},"end":{"line":17,"column":68}},"type":"cond-expr","locations":[{"start":{"line":17,"column":29},"end":{"line":17,"column":42}},{"start":{"line":17,"column":45},"end":{"line":17,"column":68}}]}},"s":{"0":1,"1":0,"2":0,"3":0,"4":1,"5":1,"6":0,"7":1},"f":{"0":0,"1":0},"b":{"0":[0,0],"1":[0,0]}}
,"C:\\Users\\Vinicius Delmo\\Desktop\\Rethink Academy\\codigos-gitHub\\APIFakeStore\\src\\repositories\\categories.ts": {"path":"C:\\Users\\Vinicius Delmo\\Desktop\\Rethink Academy\\codigos-gitHub\\APIFakeStore\\src\\repositories\\categories.ts","statementMap":{"0":{"start":{"line":1,"column":0},"end":{"line":1,"column":24}},"1":{"start":{"line":2,"column":0},"end":{"line":2,"column":36}},"2":{"start":{"line":5,"column":27},"end":{"line":5,"column":39}},"3":{"start":{"line":7,"column":33},"end":{"line":8,"column":50}},"4":{"start":{"line":7,"column":44},"end":{"line":8,"column":50}},"5":{"start":{"line":8,"column":2},"end":{"line":8,"column":50}},"6":{"start":{"line":10,"column":27},"end":{"line":11,"column":78}},"7":{"start":{"line":10,"column":48},"end":{"line":11,"column":78}},"8":{"start":{"line":11,"column":2},"end":{"line":11,"column":78}},"9":{"start":{"line":13,"column":29},"end":{"line":16,"column":40}},"10":{"start":{"line":13,"column":52},"end":{"line":16,"column":40}},"11":{"start":{"line":14,"column":2},"end":{"line":16,"column":40}},"12":{"start":{"line":18,"column":23},"end":{"line":19,"column":52}},"13":{"start":{"line":18,"column":46},"end":{"line":19,"column":52}},"14":{"start":{"line":19,"column":2},"end":{"line":19,"column":52}},"15":{"start":{"line":21,"column":23},"end":{"line":22,"column":66}},"16":{"start":{"line":21,"column":58},"end":{"line":22,"column":66}},"17":{"start":{"line":22,"column":2},"end":{"line":22,"column":66}},"18":{"start":{"line":24,"column":23},"end":{"line":25,"column":58}},"19":{"start":{"line":24,"column":44},"end":{"line":25,"column":58}},"20":{"start":{"line":25,"column":2},"end":{"line":25,"column":58}},"21":{"start":{"line":27,"column":35},"end":{"line":40,"column":42}},"22":{"start":{"line":28,"column":2},"end":{"line":40,"column":42}},"23":{"start":{"line":42,"column":0},"end":{"line":50,"column":2}}},"fnMap":{"0":{"name":"(anonymous_8)","decl":{"start":{"line":7,"column":33},"end":{"line":7,"column":42}},"loc":{"start":{"line":7,"column":44},"end":{"line":8,"column":50}}},"1":{"name":"(anonymous_9)","decl":{"start":{"line":7,"column":44},"end":{"line":7,"column":null}},"loc":{"start":{"line":7,"column":44},"end":{"line":8,"column":50}}},"2":{"name":"(anonymous_10)","decl":{"start":{"line":10,"column":27},"end":{"line":10,"column":34}},"loc":{"start":{"line":10,"column":48},"end":{"line":11,"column":78}}},"3":{"name":"(anonymous_11)","decl":{"start":{"line":10,"column":48},"end":{"line":10,"column":null}},"loc":{"start":{"line":10,"column":48},"end":{"line":11,"column":78}}},"4":{"name":"(anonymous_12)","decl":{"start":{"line":13,"column":29},"end":{"line":13,"column":36}},"loc":{"start":{"line":13,"column":52},"end":{"line":16,"column":40}}},"5":{"name":"(anonymous_13)","decl":{"start":{"line":13,"column":52},"end":{"line":13,"column":null}},"loc":{"start":{"line":13,"column":52},"end":{"line":16,"column":40}}},"6":{"name":"(anonymous_14)","decl":{"start":{"line":18,"column":23},"end":{"line":18,"column":30}},"loc":{"start":{"line":18,"column":46},"end":{"line":19,"column":52}}},"7":{"name":"(anonymous_15)","decl":{"start":{"line":18,"column":46},"end":{"line":18,"column":null}},"loc":{"start":{"line":18,"column":46},"end":{"line":19,"column":52}}},"8":{"name":"(anonymous_16)","decl":{"start":{"line":21,"column":23},"end":{"line":21,"column":30}},"loc":{"start":{"line":21,"column":58},"end":{"line":22,"column":66}}},"9":{"name":"(anonymous_17)","decl":{"start":{"line":21,"column":58},"end":{"line":21,"column":null}},"loc":{"start":{"line":21,"column":58},"end":{"line":22,"column":66}}},"10":{"name":"(anonymous_18)","decl":{"start":{"line":24,"column":23},"end":{"line":24,"column":30}},"loc":{"start":{"line":24,"column":44},"end":{"line":25,"column":58}}},"11":{"name":"(anonymous_19)","decl":{"start":{"line":24,"column":44},"end":{"line":24,"column":null}},"loc":{"start":{"line":24,"column":44},"end":{"line":25,"column":58}}},"12":{"name":"(anonymous_20)","decl":{"start":{"line":27,"column":35},"end":{"line":27,"column":36}},"loc":{"start":{"line":28,"column":2},"end":{"line":40,"column":42}}}},"branchMap":{},"s":{"0":1,"1":1,"2":1,"3":1,"4":0,"5":0,"6":1,"7":0,"8":0,"9":1,"10":0,"11":0,"12":1,"13":0,"14":0,"15":1,"16":0,"17":0,"18":1,"19":0,"20":0,"21":1,"22":0,"23":1},"f":{"0":0,"1":0,"2":0,"3":0,"4":0,"5":0,"6":0,"7":0,"8":0,"9":0,"10":0,"11":0,"12":0},"b":{}}
,"C:\\Users\\Vinicius Delmo\\Desktop\\Rethink Academy\\codigos-gitHub\\APIFakeStore\\src\\repositories\\products.ts": {"path":"C:\\Users\\Vinicius Delmo\\Desktop\\Rethink Academy\\codigos-gitHub\\APIFakeStore\\src\\repositories\\products.ts","statementMap":{"0":{"start":{"line":2,"column":0},"end":{"line":2,"column":24}},"1":{"start":{"line":4,"column":0},"end":{"line":4,"column":36}},"2":{"start":{"line":6,"column":27},"end":{"line":6,"column":39}},"3":{"start":{"line":8,"column":26},"end":{"line":20,"column":69}},"4":{"start":{"line":9,"column":2},"end":{"line":20,"column":69}},"5":{"start":{"line":22,"column":26},"end":{"line":35,"column":34}},"6":{"start":{"line":22,"column":47},"end":{"line":35,"column":34}},"7":{"start":{"line":23,"column":2},"end":{"line":35,"column":34}},"8":{"start":{"line":37,"column":32},"end":{"line":38,"column":74}},"9":{"start":{"line":37,"column":56},"end":{"line":38,"column":74}},"10":{"start":{"line":38,"column":2},"end":{"line":38,"column":74}},"11":{"start":{"line":40,"column":22},"end":{"line":41,"column":49}},"12":{"start":{"line":40,"column":49},"end":{"line":41,"column":49}},"13":{"start":{"line":41,"column":2},"end":{"line":41,"column":49}},"14":{"start":{"line":43,"column":22},"end":{"line":44,"column":75}},"15":{"start":{"line":43,"column":49},"end":{"line":44,"column":75}},"16":{"start":{"line":44,"column":2},"end":{"line":44,"column":75}},"17":{"start":{"line":46,"column":28},"end":{"line":47,"column":56}},"18":{"start":{"line":46,"column":49},"end":{"line":47,"column":56}},"19":{"start":{"line":47,"column":2},"end":{"line":47,"column":56}},"20":{"start":{"line":49,"column":0},"end":{"line":56,"column":2}}},"fnMap":{"0":{"name":"(anonymous_8)","decl":{"start":{"line":8,"column":26},"end":{"line":8,"column":29}},"loc":{"start":{"line":9,"column":2},"end":{"line":20,"column":69}}},"1":{"name":"(anonymous_9)","decl":{"start":{"line":22,"column":26},"end":{"line":22,"column":33}},"loc":{"start":{"line":22,"column":47},"end":{"line":35,"column":34}}},"2":{"name":"(anonymous_10)","decl":{"start":{"line":22,"column":47},"end":{"line":22,"column":null}},"loc":{"start":{"line":22,"column":47},"end":{"line":35,"column":34}}},"3":{"name":"(anonymous_11)","decl":{"start":{"line":37,"column":32},"end":{"line":37,"column":39}},"loc":{"start":{"line":37,"column":56},"end":{"line":38,"column":74}}},"4":{"name":"(anonymous_12)","decl":{"start":{"line":37,"column":56},"end":{"line":37,"column":null}},"loc":{"start":{"line":37,"column":56},"end":{"line":38,"column":74}}},"5":{"name":"(anonymous_13)","decl":{"start":{"line":40,"column":22},"end":{"line":40,"column":29}},"loc":{"start":{"line":40,"column":49},"end":{"line":41,"column":49}}},"6":{"name":"(anonymous_14)","decl":{"start":{"line":40,"column":49},"end":{"line":40,"column":null}},"loc":{"start":{"line":40,"column":49},"end":{"line":41,"column":49}}},"7":{"name":"(anonymous_15)","decl":{"start":{"line":43,"column":22},"end":{"line":43,"column":29}},"loc":{"start":{"line":43,"column":49},"end":{"line":44,"column":75}}},"8":{"name":"(anonymous_16)","decl":{"start":{"line":43,"column":49},"end":{"line":43,"column":null}},"loc":{"start":{"line":43,"column":49},"end":{"line":44,"column":75}}},"9":{"name":"(anonymous_17)","decl":{"start":{"line":46,"column":28},"end":{"line":46,"column":35}},"loc":{"start":{"line":46,"column":49},"end":{"line":47,"column":56}}},"10":{"name":"(anonymous_18)","decl":{"start":{"line":46,"column":49},"end":{"line":46,"column":null}},"loc":{"start":{"line":46,"column":49},"end":{"line":47,"column":56}}}},"branchMap":{},"s":{"0":2,"1":2,"2":2,"3":2,"4":0,"5":2,"6":0,"7":0,"8":2,"9":0,"10":0,"11":2,"12":0,"13":0,"14":2,"15":0,"16":0,"17":2,"18":0,"19":0,"20":2},"f":{"0":0,"1":0,"2":0,"3":0,"4":0,"5":0,"6":0,"7":0,"8":0,"9":0,"10":0},"b":{}}
,"C:\\Users\\Vinicius Delmo\\Desktop\\Rethink Academy\\codigos-gitHub\\APIFakeStore\\src\\service\\categories.ts": {"path":"C:\\Users\\Vinicius Delmo\\Desktop\\Rethink Academy\\codigos-gitHub\\APIFakeStore\\src\\service\\categories.ts","statementMap":{"0":{"start":{"line":1,"column":0},"end":{"line":1,"column":62}},"1":{"start":{"line":2,"column":0},"end":{"line":2,"column":57}},"2":{"start":{"line":5,"column":27},"end":{"line":10,"column":2}},"3":{"start":{"line":5,"column":38},"end":{"line":10,"column":2}},"4":{"start":{"line":7,"column":4},"end":{"line":7,"column":57}},"5":{"start":{"line":8,"column":26},"end":{"line":8,"column":79}},"6":{"start":{"line":8,"column":65},"end":{"line":8,"column":78}},"7":{"start":{"line":9,"column":2},"end":{"line":9,"column":25}},"8":{"start":{"line":12,"column":24},"end":{"line":22,"column":2}},"9":{"start":{"line":12,"column":45},"end":{"line":22,"column":2}},"10":{"start":{"line":13,"column":2},"end":{"line":21,"column":null}},"11":{"start":{"line":14,"column":21},"end":{"line":14,"column":70}},"12":{"start":{"line":15,"column":4},"end":{"line":17,"column":null}},"13":{"start":{"line":16,"column":6},"end":{"line":16,"column":50}},"14":{"start":{"line":18,"column":4},"end":{"line":18,"column":23}},"15":{"start":{"line":20,"column":4},"end":{"line":20,"column":60}},"16":{"start":{"line":24,"column":23},"end":{"line":37,"column":2}},"17":{"start":{"line":24,"column":46},"end":{"line":37,"column":2}},"18":{"start":{"line":25,"column":2},"end":{"line":36,"column":null}},"19":{"start":{"line":26,"column":33},"end":{"line":27,"column":null}},"20":{"start":{"line":29,"column":4},"end":{"line":32,"column":null}},"21":{"start":{"line":30,"column":32},"end":{"line":30,"column":79}},"22":{"start":{"line":31,"column":6},"end":{"line":31,"column":48}},"23":{"start":{"line":33,"column":4},"end":{"line":33,"column":43}},"24":{"start":{"line":35,"column":4},"end":{"line":35,"column":60}},"25":{"start":{"line":39,"column":20},"end":{"line":53,"column":2}},"26":{"start":{"line":39,"column":55},"end":{"line":53,"column":2}},"27":{"start":{"line":40,"column":2},"end":{"line":52,"column":null}},"28":{"start":{"line":41,"column":33},"end":{"line":42,"column":null}},"29":{"start":{"line":44,"column":4},"end":{"line":48,"column":null}},"30":{"start":{"line":45,"column":30},"end":{"line":45,"column":81}},"31":{"start":{"line":46,"column":6},"end":{"line":46,"column":86}},"32":{"start":{"line":46,"column":28},"end":{"line":46,"column":86}},"33":{"start":{"line":47,"column":6},"end":{"line":47,"column":26}},"34":{"start":{"line":49,"column":4},"end":{"line":49,"column":43}},"35":{"start":{"line":51,"column":4},"end":{"line":51,"column":60}},"36":{"start":{"line":55,"column":23},"end":{"line":63,"column":2}},"37":{"start":{"line":55,"column":44},"end":{"line":63,"column":2}},"38":{"start":{"line":56,"column":2},"end":{"line":62,"column":null}},"39":{"start":{"line":57,"column":28},"end":{"line":57,"column":73}},"40":{"start":{"line":58,"column":4},"end":{"line":58,"column":66}},"41":{"start":{"line":58,"column":26},"end":{"line":58,"column":66}},"42":{"start":{"line":59,"column":4},"end":{"line":59,"column":45}},"43":{"start":{"line":61,"column":4},"end":{"line":61,"column":60}},"44":{"start":{"line":65,"column":30},"end":{"line":92,"column":2}},"45":{"start":{"line":65,"column":61},"end":{"line":92,"column":2}},"46":{"start":{"line":66,"column":13},"end":{"line":66,"column":74}},"47":{"start":{"line":68,"column":2},"end":{"line":70,"column":null}},"48":{"start":{"line":69,"column":4},"end":{"line":69,"column":44}},"49":{"start":{"line":72,"column":19},"end":{"line":73,"column":null}},"50":{"start":{"line":76,"column":28},"end":{"line":89,"column":4}},"51":{"start":{"line":77,"column":4},"end":{"line":88,"column":6}},"52":{"start":{"line":91,"column":2},"end":{"line":91,"column":27}},"53":{"start":{"line":95,"column":0},"end":{"line":102,"column":2}}},"fnMap":{"0":{"name":"(anonymous_8)","decl":{"start":{"line":5,"column":27},"end":{"line":5,"column":36}},"loc":{"start":{"line":5,"column":38},"end":{"line":10,"column":2}}},"1":{"name":"(anonymous_9)","decl":{"start":{"line":5,"column":38},"end":{"line":5,"column":null}},"loc":{"start":{"line":5,"column":38},"end":{"line":10,"column":1}}},"2":{"name":"(anonymous_10)","decl":{"start":{"line":8,"column":41},"end":{"line":8,"column":42}},"loc":{"start":{"line":8,"column":65},"end":{"line":8,"column":78}}},"3":{"name":"(anonymous_11)","decl":{"start":{"line":12,"column":24},"end":{"line":12,"column":31}},"loc":{"start":{"line":12,"column":45},"end":{"line":22,"column":2}}},"4":{"name":"(anonymous_12)","decl":{"start":{"line":12,"column":45},"end":{"line":12,"column":null}},"loc":{"start":{"line":12,"column":45},"end":{"line":22,"column":1}}},"5":{"name":"(anonymous_13)","decl":{"start":{"line":24,"column":23},"end":{"line":24,"column":30}},"loc":{"start":{"line":24,"column":46},"end":{"line":37,"column":2}}},"6":{"name":"(anonymous_14)","decl":{"start":{"line":24,"column":46},"end":{"line":24,"column":null}},"loc":{"start":{"line":24,"column":46},"end":{"line":37,"column":1}}},"7":{"name":"(anonymous_15)","decl":{"start":{"line":39,"column":20},"end":{"line":39,"column":27}},"loc":{"start":{"line":39,"column":55},"end":{"line":53,"column":2}}},"8":{"name":"(anonymous_16)","decl":{"start":{"line":39,"column":55},"end":{"line":39,"column":null}},"loc":{"start":{"line":39,"column":55},"end":{"line":53,"column":1}}},"9":{"name":"(anonymous_17)","decl":{"start":{"line":55,"column":23},"end":{"line":55,"column":30}},"loc":{"start":{"line":55,"column":44},"end":{"line":63,"column":2}}},"10":{"name":"(anonymous_18)","decl":{"start":{"line":55,"column":44},"end":{"line":55,"column":null}},"loc":{"start":{"line":55,"column":44},"end":{"line":63,"column":1}}},"11":{"name":"(anonymous_19)","decl":{"start":{"line":65,"column":30},"end":{"line":65,"column":37}},"loc":{"start":{"line":65,"column":61},"end":{"line":92,"column":2}}},"12":{"name":"(anonymous_20)","decl":{"start":{"line":65,"column":61},"end":{"line":65,"column":null}},"loc":{"start":{"line":65,"column":61},"end":{"line":92,"column":1}}},"13":{"name":"(anonymous_21)","decl":{"start":{"line":76,"column":41},"end":{"line":76,"column":42}},"loc":{"start":{"line":76,"column":53},"end":{"line":89,"column":3}}}},"branchMap":{"0":{"loc":{"start":{"line":15,"column":4},"end":{"line":17,"column":null}},"type":"if","locations":[{"start":{"line":15,"column":4},"end":{"line":17,"column":null}}]},"1":{"loc":{"start":{"line":20,"column":11},"end":{"line":20,"column":59}},"type":"cond-expr","locations":[{"start":{"line":20,"column":27},"end":{"line":20,"column":51}},{"start":{"line":20,"column":54},"end":{"line":20,"column":59}}]},"2":{"loc":{"start":{"line":29,"column":4},"end":{"line":32,"column":null}},"type":"if","locations":[{"start":{"line":29,"column":4},"end":{"line":32,"column":null}}]},"3":{"loc":{"start":{"line":35,"column":11},"end":{"line":35,"column":59}},"type":"cond-expr","locations":[{"start":{"line":35,"column":27},"end":{"line":35,"column":51}},{"start":{"line":35,"column":54},"end":{"line":35,"column":59}}]},"4":{"loc":{"start":{"line":44,"column":4},"end":{"line":48,"column":null}},"type":"if","locations":[{"start":{"line":44,"column":4},"end":{"line":48,"column":null}}]},"5":{"loc":{"start":{"line":46,"column":6},"end":{"line":46,"column":86}},"type":"if","locations":[{"start":{"line":46,"column":6},"end":{"line":46,"column":86}}]},"6":{"loc":{"start":{"line":51,"column":11},"end":{"line":51,"column":59}},"type":"cond-expr","locations":[{"start":{"line":51,"column":27},"end":{"line":51,"column":51}},{"start":{"line":51,"column":54},"end":{"line":51,"column":59}}]},"7":{"loc":{"start":{"line":58,"column":4},"end":{"line":58,"column":66}},"type":"if","locations":[{"start":{"line":58,"column":4},"end":{"line":58,"column":66}}]},"8":{"loc":{"start":{"line":61,"column":11},"end":{"line":61,"column":59}},"type":"cond-expr","locations":[{"start":{"line":61,"column":27},"end":{"line":61,"column":51}},{"start":{"line":61,"column":54},"end":{"line":61,"column":59}}]},"9":{"loc":{"start":{"line":68,"column":2},"end":{"line":70,"column":null}},"type":"if","locations":[{"start":{"line":68,"column":2},"end":{"line":70,"column":null}}]}},"s":{"0":1,"1":1,"2":1,"3":1,"4":1,"5":1,"6":2,"7":1,"8":1,"9":1,"10":1,"11":1,"12":1,"13":0,"14":1,"15":0,"16":1,"17":1,"18":1,"19":1,"20":1,"21":1,"22":1,"23":0,"24":0,"25":1,"26":1,"27":1,"28":1,"29":1,"30":1,"31":1,"32":0,"33":1,"34":0,"35":0,"36":1,"37":1,"38":1,"39":1,"40":1,"41":0,"42":1,"43":0,"44":1,"45":2,"46":2,"47":2,"48":1,"49":1,"50":1,"51":1,"52":1,"53":1},"f":{"0":1,"1":1,"2":2,"3":1,"4":1,"5":1,"6":1,"7":1,"8":1,"9":1,"10":1,"11":2,"12":2,"13":1},"b":{"0":[0],"1":[0,0],"2":[1],"3":[0,0],"4":[1],"5":[0],"6":[0,0],"7":[0],"8":[0,0],"9":[1]}}
,"C:\\Users\\Vinicius Delmo\\Desktop\\Rethink Academy\\codigos-gitHub\\APIFakeStore\\src\\service\\products.ts": {"path":"C:\\Users\\Vinicius Delmo\\Desktop\\Rethink Academy\\codigos-gitHub\\APIFakeStore\\src\\service\\products.ts","statementMap":{"0":{"start":{"line":1,"column":0},"end":{"line":1,"column":57}},"1":{"start":{"line":3,"column":0},"end":{"line":3,"column":56}},"2":{"start":{"line":5,"column":23},"end":{"line":20,"column":2}},"3":{"start":{"line":5,"column":34},"end":{"line":20,"column":2}},"4":{"start":{"line":6,"column":19},"end":{"line":6,"column":62}},"5":{"start":{"line":7,"column":27},"end":{"line":18,"column":5}},"6":{"start":{"line":7,"column":54},"end":{"line":18,"column":4}},"7":{"start":{"line":19,"column":2},"end":{"line":19,"column":26}},"8":{"start":{"line":22,"column":23},"end":{"line":38,"column":2}},"9":{"start":{"line":22,"column":44},"end":{"line":38,"column":2}},"10":{"start":{"line":23,"column":18},"end":{"line":23,"column":63}},"11":{"start":{"line":24,"column":27},"end":{"line":35,"column":5}},"12":{"start":{"line":24,"column":53},"end":{"line":35,"column":4}},"13":{"start":{"line":36,"column":2},"end":{"line":36,"column":65}},"14":{"start":{"line":36,"column":23},"end":{"line":36,"column":65}},"15":{"start":{"line":37,"column":2},"end":{"line":37,"column":29}},"16":{"start":{"line":40,"column":20},"end":{"line":58,"column":2}},"17":{"start":{"line":40,"column":53},"end":{"line":58,"column":2}},"18":{"start":{"line":41,"column":40},"end":{"line":41,"column":47}},"19":{"start":{"line":41,"column":35},"end":{"line":41,"column":40}},"20":{"start":{"line":43,"column":21},"end":{"line":43,"column":78}},"21":{"start":{"line":44,"column":2},"end":{"line":45,"column":70}},"22":{"start":{"line":45,"column":4},"end":{"line":45,"column":70}},"23":{"start":{"line":46,"column":20},"end":{"line":49,"column":null}},"24":{"start":{"line":52,"column":2},"end":{"line":56,"column":null}},"25":{"start":{"line":60,"column":22},"end":{"line":86,"column":2}},"26":{"start":{"line":60,"column":45},"end":{"line":86,"column":2}},"27":{"start":{"line":61,"column":49},"end":{"line":61,"column":56}},"28":{"start":{"line":61,"column":44},"end":{"line":61,"column":49}},"29":{"start":{"line":63,"column":23},"end":{"line":66,"column":null}},"30":{"start":{"line":69,"column":2},"end":{"line":80,"column":null}},"31":{"start":{"line":70,"column":29},"end":{"line":71,"column":null}},"32":{"start":{"line":73,"column":43},"end":{"line":73,"column":65}},"33":{"start":{"line":75,"column":4},"end":{"line":77,"column":null}},"34":{"start":{"line":76,"column":6},"end":{"line":76,"column":50}},"35":{"start":{"line":79,"column":4},"end":{"line":79,"column":45}},"36":{"start":{"line":82,"column":25},"end":{"line":82,"column":79}},"37":{"start":{"line":84,"column":2},"end":{"line":84,"column":65}},"38":{"start":{"line":84,"column":23},"end":{"line":84,"column":65}},"39":{"start":{"line":85,"column":2},"end":{"line":85,"column":17}},"40":{"start":{"line":88,"column":22},"end":{"line":91,"column":2}},"41":{"start":{"line":88,"column":43},"end":{"line":91,"column":2}},"42":{"start":{"line":89,"column":18},"end":{"line":89,"column":65}},"43":{"start":{"line":90,"column":2},"end":{"line":90,"column":58}},"44":{"start":{"line":90,"column":16},"end":{"line":90,"column":58}},"45":{"start":{"line":93,"column":0},"end":{"line":99,"column":2}}},"fnMap":{"0":{"name":"(anonymous_9)","decl":{"start":{"line":5,"column":23},"end":{"line":5,"column":32}},"loc":{"start":{"line":5,"column":34},"end":{"line":20,"column":2}}},"1":{"name":"(anonymous_10)","decl":{"start":{"line":5,"column":34},"end":{"line":5,"column":null}},"loc":{"start":{"line":5,"column":34},"end":{"line":20,"column":1}}},"2":{"name":"(anonymous_11)","decl":{"start":{"line":7,"column":40},"end":{"line":7,"column":41}},"loc":{"start":{"line":7,"column":54},"end":{"line":18,"column":4}}},"3":{"name":"(anonymous_12)","decl":{"start":{"line":22,"column":23},"end":{"line":22,"column":30}},"loc":{"start":{"line":22,"column":44},"end":{"line":38,"column":2}}},"4":{"name":"(anonymous_13)","decl":{"start":{"line":22,"column":44},"end":{"line":22,"column":null}},"loc":{"start":{"line":22,"column":44},"end":{"line":38,"column":1}}},"5":{"name":"(anonymous_14)","decl":{"start":{"line":24,"column":39},"end":{"line":24,"column":40}},"loc":{"start":{"line":24,"column":53},"end":{"line":35,"column":4}}},"6":{"name":"(anonymous_15)","decl":{"start":{"line":40,"column":20},"end":{"line":40,"column":27}},"loc":{"start":{"line":40,"column":53},"end":{"line":58,"column":2}}},"7":{"name":"(anonymous_16)","decl":{"start":{"line":40,"column":53},"end":{"line":40,"column":null}},"loc":{"start":{"line":40,"column":53},"end":{"line":58,"column":1}}},"8":{"name":"(anonymous_17)","decl":{"start":{"line":60,"column":22},"end":{"line":60,"column":29}},"loc":{"start":{"line":60,"column":45},"end":{"line":86,"column":2}}},"9":{"name":"(anonymous_18)","decl":{"start":{"line":60,"column":45},"end":{"line":60,"column":null}},"loc":{"start":{"line":60,"column":45},"end":{"line":86,"column":1}}},"10":{"name":"(anonymous_19)","decl":{"start":{"line":88,"column":22},"end":{"line":88,"column":29}},"loc":{"start":{"line":88,"column":43},"end":{"line":91,"column":2}}},"11":{"name":"(anonymous_20)","decl":{"start":{"line":88,"column":43},"end":{"line":88,"column":null}},"loc":{"start":{"line":88,"column":43},"end":{"line":91,"column":1}}}},"branchMap":{"0":{"loc":{"start":{"line":36,"column":2},"end":{"line":36,"column":65}},"type":"if","locations":[{"start":{"line":36,"column":2},"end":{"line":36,"column":65}}]},"1":{"loc":{"start":{"line":44,"column":2},"end":{"line":45,"column":70}},"type":"if","locations":[{"start":{"line":44,"column":2},"end":{"line":45,"column":70}}]},"2":{"loc":{"start":{"line":61,"column":20},"end":{"line":61,"column":31}},"type":"default-arg","locations":[{"start":{"line":61,"column":29},"end":{"line":61,"column":31}}]},"3":{"loc":{"start":{"line":69,"column":2},"end":{"line":80,"column":null}},"type":"if","locations":[{"start":{"line":69,"column":2},"end":{"line":80,"column":null}}]},"4":{"loc":{"start":{"line":75,"column":4},"end":{"line":77,"column":null}},"type":"if","locations":[{"start":{"line":75,"column":4},"end":{"line":77,"column":null}}]},"5":{"loc":{"start":{"line":84,"column":2},"end":{"line":84,"column":65}},"type":"if","locations":[{"start":{"line":84,"column":2},"end":{"line":84,"column":65}}]},"6":{"loc":{"start":{"line":90,"column":2},"end":{"line":90,"column":58}},"type":"if","locations":[{"start":{"line":90,"column":2},"end":{"line":90,"column":58}}]}},"s":{"0":1,"1":1,"2":1,"3":1,"4":1,"5":1,"6":2,"7":1,"8":1,"9":2,"10":2,"11":2,"12":1,"13":2,"14":1,"15":1,"16":1,"17":1,"18":1,"19":1,"20":1,"21":1,"22":0,"23":1,"24":1,"25":1,"26":1,"27":1,"28":1,"29":1,"30":1,"31":0,"32":0,"33":0,"34":0,"35":0,"36":1,"37":1,"38":0,"39":1,"40":1,"41":1,"42":1,"43":1,"44":0,"45":1},"f":{"0":1,"1":1,"2":2,"3":2,"4":2,"5":1,"6":1,"7":1,"8":1,"9":1,"10":1,"11":1},"b":{"0":[1],"1":[0],"2":[1],"3":[0],"4":[0],"5":[0],"6":[0]}}
}
