TN:
SF:knexfile.ts
FNF:0
FNH:0
DA:3,2
DA:14,2
LF:2
LH:2
BRF:0
BRH:0
end_of_record
TN:
SF:src\middlewares\errorHandler.ts
FN:9,(anonymous_0)
FN:24,(anonymous_1)
FNF:2
FNH:0
FNDA:0,(anonymous_0)
FNDA:0,(anonymous_1)
DA:9,1
DA:15,0
DA:16,0
DA:21,0
DA:24,1
DA:25,0
LF:6
LH:2
BRDA:15,0,0,0
BRDA:15,0,1,0
BRDA:17,1,0,0
BRDA:17,1,1,0
BRF:4
BRH:0
end_of_record
TN:
SF:src\repositories\categories.ts
FN:7,(anonymous_8)
FN:7,(anonymous_9)
FN:10,(anonymous_10)
FN:10,(anonymous_11)
FN:13,(anonymous_12)
FN:13,(anonymous_13)
FN:18,(anonymous_14)
FN:18,(anonymous_15)
FN:21,(anonymous_16)
FN:21,(anonymous_17)
FN:24,(anonymous_18)
FN:24,(anonymous_19)
FN:27,(anonymous_20)
FNF:13
FNH:0
FNDA:0,(anonymous_8)
FNDA:0,(anonymous_9)
FNDA:0,(anonymous_10)
FNDA:0,(anonymous_11)
FNDA:0,(anonymous_12)
FNDA:0,(anonymous_13)
FNDA:0,(anonymous_14)
FNDA:0,(anonymous_15)
FNDA:0,(anonymous_16)
FNDA:0,(anonymous_17)
FNDA:0,(anonymous_18)
FNDA:0,(anonymous_19)
FNDA:0,(anonymous_20)
DA:1,1
DA:2,1
DA:5,1
DA:7,1
DA:8,0
DA:10,1
DA:11,0
DA:13,1
DA:14,0
DA:18,1
DA:19,0
DA:21,1
DA:22,0
DA:24,1
DA:25,0
DA:27,1
DA:28,0
DA:42,1
LF:18
LH:11
BRF:0
BRH:0
end_of_record
TN:
SF:src\repositories\products.ts
FN:8,(anonymous_8)
FN:22,(anonymous_9)
FN:22,(anonymous_10)
FN:37,(anonymous_11)
FN:37,(anonymous_12)
FN:40,(anonymous_13)
FN:40,(anonymous_14)
FN:43,(anonymous_15)
FN:43,(anonymous_16)
FN:46,(anonymous_17)
FN:46,(anonymous_18)
FNF:11
FNH:0
FNDA:0,(anonymous_8)
FNDA:0,(anonymous_9)
FNDA:0,(anonymous_10)
FNDA:0,(anonymous_11)
FNDA:0,(anonymous_12)
FNDA:0,(anonymous_13)
FNDA:0,(anonymous_14)
FNDA:0,(anonymous_15)
FNDA:0,(anonymous_16)
FNDA:0,(anonymous_17)
FNDA:0,(anonymous_18)
DA:2,2
DA:4,2
DA:6,2
DA:8,2
DA:9,0
DA:22,2
DA:23,0
DA:37,2
DA:38,0
DA:40,2
DA:41,0
DA:43,2
DA:44,0
DA:46,2
DA:47,0
DA:49,2
LF:16
LH:10
BRF:0
BRH:0
end_of_record
TN:
SF:src\service\categories.ts
FN:5,(anonymous_8)
FN:5,(anonymous_9)
FN:8,(anonymous_10)
FN:12,(anonymous_11)
FN:12,(anonymous_12)
FN:24,(anonymous_13)
FN:24,(anonymous_14)
FN:39,(anonymous_15)
FN:39,(anonymous_16)
FN:55,(anonymous_17)
FN:55,(anonymous_18)
FN:65,(anonymous_19)
FN:65,(anonymous_20)
FN:76,(anonymous_21)
FNF:14
FNH:14
FNDA:1,(anonymous_8)
FNDA:1,(anonymous_9)
FNDA:2,(anonymous_10)
FNDA:1,(anonymous_11)
FNDA:1,(anonymous_12)
FNDA:1,(anonymous_13)
FNDA:1,(anonymous_14)
FNDA:1,(anonymous_15)
FNDA:1,(anonymous_16)
FNDA:1,(anonymous_17)
FNDA:1,(anonymous_18)
FNDA:2,(anonymous_19)
FNDA:2,(anonymous_20)
FNDA:1,(anonymous_21)
DA:1,1
DA:2,1
DA:5,1
DA:7,1
DA:8,2
DA:9,1
DA:12,1
DA:13,1
DA:14,1
DA:15,1
DA:16,0
DA:18,1
DA:20,0
DA:24,1
DA:25,1
DA:26,1
DA:29,1
DA:30,1
DA:31,1
DA:33,0
DA:35,0
DA:39,1
DA:40,1
DA:41,1
DA:44,1
DA:45,1
DA:46,1
DA:47,1
DA:49,0
DA:51,0
DA:55,1
DA:56,1
DA:57,1
DA:58,1
DA:59,1
DA:61,0
DA:65,2
DA:66,2
DA:68,2
DA:69,1
DA:72,1
DA:76,1
DA:77,1
DA:91,1
DA:95,1
LF:45
LH:38
BRDA:15,0,0,0
BRDA:20,1,0,0
BRDA:20,1,1,0
BRDA:29,2,0,1
BRDA:35,3,0,0
BRDA:35,3,1,0
BRDA:44,4,0,1
BRDA:46,5,0,0
BRDA:51,6,0,0
BRDA:51,6,1,0
BRDA:58,7,0,0
BRDA:61,8,0,0
BRDA:61,8,1,0
BRDA:68,9,0,1
BRF:14
BRH:3
end_of_record
TN:
SF:src\service\products.ts
FN:5,(anonymous_9)
FN:5,(anonymous_10)
FN:7,(anonymous_11)
FN:22,(anonymous_12)
FN:22,(anonymous_13)
FN:24,(anonymous_14)
FN:40,(anonymous_15)
FN:40,(anonymous_16)
FN:60,(anonymous_17)
FN:60,(anonymous_18)
FN:88,(anonymous_19)
FN:88,(anonymous_20)
FNF:12
FNH:12
FNDA:1,(anonymous_9)
FNDA:1,(anonymous_10)
FNDA:2,(anonymous_11)
FNDA:2,(anonymous_12)
FNDA:2,(anonymous_13)
FNDA:1,(anonymous_14)
FNDA:1,(anonymous_15)
FNDA:1,(anonymous_16)
FNDA:1,(anonymous_17)
FNDA:1,(anonymous_18)
FNDA:1,(anonymous_19)
FNDA:1,(anonymous_20)
DA:1,1
DA:3,1
DA:5,1
DA:6,1
DA:7,2
DA:19,1
DA:22,2
DA:23,2
DA:24,2
DA:36,2
DA:37,1
DA:40,1
DA:41,1
DA:43,1
DA:44,1
DA:45,0
DA:46,1
DA:52,1
DA:60,1
DA:61,1
DA:63,1
DA:69,1
DA:70,0
DA:73,0
DA:75,0
DA:76,0
DA:79,0
DA:82,1
DA:84,1
DA:85,1
DA:88,1
DA:89,1
DA:90,1
DA:93,1
LF:34
LH:28
BRDA:36,0,0,1
BRDA:44,1,0,0
BRDA:61,2,0,1
BRDA:69,3,0,0
BRDA:75,4,0,0
BRDA:84,5,0,0
BRDA:90,6,0,0
BRF:7
BRH:2
end_of_record
